{"/Users/Niket/Dropbox/University/Programming/bloomboard/test/server/mongo_db_lib-spec.js":{"path":"/Users/Niket/Dropbox/University/Programming/bloomboard/test/server/mongo_db_lib-spec.js","s":{"1":1,"2":1,"3":1,"4":1,"5":1,"6":2,"7":2,"8":1,"9":2,"10":1,"11":1,"12":1,"13":1,"14":1,"15":1,"16":1,"17":1,"18":1,"19":1,"20":1,"21":1,"22":2,"23":2,"24":2,"25":2,"26":2,"27":1,"28":2,"29":1,"30":1,"31":1,"32":1,"33":1,"34":1,"35":1,"36":1,"37":1,"38":1,"39":1,"40":1,"41":1,"42":1,"43":1,"44":1,"45":1,"46":1,"47":2,"48":2,"49":2,"50":2,"51":2,"52":1,"53":2,"54":1,"55":1,"56":1,"57":1,"58":1,"59":1,"60":1,"61":1,"62":1,"63":1,"64":1,"65":1,"66":1,"67":1,"68":1,"69":1,"70":2,"71":2,"72":2,"73":2,"74":0,"75":2,"76":1,"77":2,"78":1,"79":1,"80":1,"81":1,"82":1,"83":1,"84":1,"85":1,"86":1,"87":1,"88":1},"b":{"1":[2,0],"2":[0,2]},"f":{"1":1,"2":2,"3":2,"4":2,"5":1,"6":1,"7":1,"8":1,"9":1,"10":2,"11":2,"12":2,"13":2,"14":2,"15":1,"16":1,"17":1,"18":1,"19":1,"20":1,"21":2,"22":2,"23":2,"24":2,"25":1,"26":1,"27":1,"28":1,"29":1,"30":2,"31":2,"32":2,"33":2,"34":1,"35":1,"36":1,"37":1},"fnMap":{"1":{"name":"(anonymous_1)","line":9,"loc":{"start":{"line":9,"column":26},"end":{"line":9,"column":37}}},"2":{"name":"(anonymous_2)","line":10,"loc":{"start":{"line":10,"column":12},"end":{"line":10,"column":27}}},"3":{"name":"(anonymous_3)","line":11,"loc":{"start":{"line":11,"column":32},"end":{"line":11,"column":58}}},"4":{"name":"(anonymous_4)","line":17,"loc":{"start":{"line":17,"column":11},"end":{"line":17,"column":22}}},"5":{"name":"(anonymous_5)","line":21,"loc":{"start":{"line":21,"column":58},"end":{"line":21,"column":73}}},"6":{"name":"(anonymous_6)","line":26,"loc":{"start":{"line":26,"column":51},"end":{"line":26,"column":70}}},"7":{"name":"(anonymous_7)","line":32,"loc":{"start":{"line":32,"column":57},"end":{"line":32,"column":72}}},"8":{"name":"(anonymous_8)","line":37,"loc":{"start":{"line":37,"column":51},"end":{"line":37,"column":70}}},"9":{"name":"(anonymous_9)","line":44,"loc":{"start":{"line":44,"column":20},"end":{"line":44,"column":31}}},"10":{"name":"(anonymous_10)","line":45,"loc":{"start":{"line":45,"column":12},"end":{"line":45,"column":27}}},"11":{"name":"(anonymous_11)","line":52,"loc":{"start":{"line":52,"column":31},"end":{"line":52,"column":57}}},"12":{"name":"(anonymous_12)","line":56,"loc":{"start":{"line":56,"column":62},"end":{"line":56,"column":82}}},"13":{"name":"(anonymous_13)","line":59,"loc":{"start":{"line":59,"column":45},"end":{"line":59,"column":63}}},"14":{"name":"(anonymous_14)","line":64,"loc":{"start":{"line":64,"column":11},"end":{"line":64,"column":22}}},"15":{"name":"(anonymous_15)","line":68,"loc":{"start":{"line":68,"column":66},"end":{"line":68,"column":81}}},"16":{"name":"(anonymous_16)","line":76,"loc":{"start":{"line":76,"column":43},"end":{"line":76,"column":61}}},"17":{"name":"(anonymous_17)","line":80,"loc":{"start":{"line":80,"column":6},"end":{"line":80,"column":26}}},"18":{"name":"(anonymous_18)","line":89,"loc":{"start":{"line":89,"column":52},"end":{"line":89,"column":67}}},"19":{"name":"(anonymous_19)","line":97,"loc":{"start":{"line":97,"column":43},"end":{"line":97,"column":61}}},"20":{"name":"(anonymous_20)","line":109,"loc":{"start":{"line":109,"column":63},"end":{"line":109,"column":74}}},"21":{"name":"(anonymous_21)","line":111,"loc":{"start":{"line":111,"column":12},"end":{"line":111,"column":27}}},"22":{"name":"(anonymous_22)","line":112,"loc":{"start":{"line":112,"column":31},"end":{"line":112,"column":57}}},"23":{"name":"(anonymous_23)","line":118,"loc":{"start":{"line":118,"column":17},"end":{"line":118,"column":35}}},"24":{"name":"(anonymous_24)","line":125,"loc":{"start":{"line":125,"column":11},"end":{"line":125,"column":22}}},"25":{"name":"(anonymous_25)","line":129,"loc":{"start":{"line":129,"column":57},"end":{"line":129,"column":72}}},"26":{"name":"(anonymous_26)","line":132,"loc":{"start":{"line":132,"column":46},"end":{"line":132,"column":74}}},"27":{"name":"(anonymous_27)","line":138,"loc":{"start":{"line":138,"column":60},"end":{"line":138,"column":75}}},"28":{"name":"(anonymous_28)","line":141,"loc":{"start":{"line":141,"column":46},"end":{"line":141,"column":74}}},"29":{"name":"(anonymous_29)","line":151,"loc":{"start":{"line":151,"column":21},"end":{"line":151,"column":32}}},"30":{"name":"(anonymous_30)","line":153,"loc":{"start":{"line":153,"column":12},"end":{"line":153,"column":27}}},"31":{"name":"(anonymous_31)","line":154,"loc":{"start":{"line":154,"column":31},"end":{"line":154,"column":57}}},"32":{"name":"(anonymous_32)","line":160,"loc":{"start":{"line":160,"column":5},"end":{"line":160,"column":27}}},"33":{"name":"(anonymous_33)","line":166,"loc":{"start":{"line":166,"column":11},"end":{"line":166,"column":22}}},"34":{"name":"(anonymous_34)","line":170,"loc":{"start":{"line":170,"column":64},"end":{"line":170,"column":79}}},"35":{"name":"(anonymous_35)","line":173,"loc":{"start":{"line":173,"column":28},"end":{"line":173,"column":48}}},"36":{"name":"(anonymous_36)","line":181,"loc":{"start":{"line":181,"column":65},"end":{"line":181,"column":80}}},"37":{"name":"(anonymous_37)","line":185,"loc":{"start":{"line":185,"column":10},"end":{"line":185,"column":30}}}},"statementMap":{"1":{"start":{"line":1,"column":0},"end":{"line":3,"column":3}},"2":{"start":{"line":4,"column":0},"end":{"line":4,"column":53}},"3":{"start":{"line":7,"column":0},"end":{"line":7,"column":21}},"4":{"start":{"line":9,"column":0},"end":{"line":42,"column":3}},"5":{"start":{"line":10,"column":1},"end":{"line":15,"column":4}},"6":{"start":{"line":11,"column":2},"end":{"line":13,"column":5}},"7":{"start":{"line":14,"column":2},"end":{"line":14,"column":9}},"8":{"start":{"line":17,"column":1},"end":{"line":19,"column":4}},"9":{"start":{"line":18,"column":2},"end":{"line":18,"column":33}},"10":{"start":{"line":21,"column":1},"end":{"line":30,"column":4}},"11":{"start":{"line":22,"column":2},"end":{"line":24,"column":4}},"12":{"start":{"line":26,"column":2},"end":{"line":29,"column":5}},"13":{"start":{"line":27,"column":3},"end":{"line":27,"column":36}},"14":{"start":{"line":28,"column":3},"end":{"line":28,"column":10}},"15":{"start":{"line":32,"column":1},"end":{"line":41,"column":4}},"16":{"start":{"line":33,"column":2},"end":{"line":35,"column":4}},"17":{"start":{"line":37,"column":2},"end":{"line":40,"column":5}},"18":{"start":{"line":38,"column":3},"end":{"line":38,"column":36}},"19":{"start":{"line":39,"column":3},"end":{"line":39,"column":10}},"20":{"start":{"line":44,"column":0},"end":{"line":107,"column":3}},"21":{"start":{"line":45,"column":1},"end":{"line":62,"column":4}},"22":{"start":{"line":46,"column":2},"end":{"line":50,"column":4}},"23":{"start":{"line":52,"column":2},"end":{"line":54,"column":5}},"24":{"start":{"line":56,"column":2},"end":{"line":57,"column":5}},"25":{"start":{"line":59,"column":2},"end":{"line":61,"column":5}},"26":{"start":{"line":60,"column":3},"end":{"line":60,"column":10}},"27":{"start":{"line":64,"column":1},"end":{"line":66,"column":4}},"28":{"start":{"line":65,"column":2},"end":{"line":65,"column":32}},"29":{"start":{"line":68,"column":1},"end":{"line":87,"column":4}},"30":{"start":{"line":69,"column":2},"end":{"line":73,"column":4}},"31":{"start":{"line":74,"column":2},"end":{"line":74,"column":26}},"32":{"start":{"line":76,"column":2},"end":{"line":86,"column":5}},"33":{"start":{"line":77,"column":3},"end":{"line":77,"column":32}},"34":{"start":{"line":78,"column":3},"end":{"line":85,"column":6}},"35":{"start":{"line":81,"column":4},"end":{"line":81,"column":32}},"36":{"start":{"line":82,"column":4},"end":{"line":82,"column":50}},"37":{"start":{"line":83,"column":4},"end":{"line":83,"column":42}},"38":{"start":{"line":84,"column":4},"end":{"line":84,"column":11}},"39":{"start":{"line":89,"column":1},"end":{"line":104,"column":4}},"40":{"start":{"line":90,"column":2},"end":{"line":94,"column":4}},"41":{"start":{"line":95,"column":2},"end":{"line":95,"column":28}},"42":{"start":{"line":97,"column":2},"end":{"line":100,"column":5}},"43":{"start":{"line":98,"column":3},"end":{"line":98,"column":31}},"44":{"start":{"line":99,"column":3},"end":{"line":99,"column":10}},"45":{"start":{"line":109,"column":0},"end":{"line":148,"column":3}},"46":{"start":{"line":111,"column":1},"end":{"line":123,"column":4}},"47":{"start":{"line":112,"column":2},"end":{"line":114,"column":5}},"48":{"start":{"line":115,"column":2},"end":{"line":115,"column":37}},"49":{"start":{"line":116,"column":2},"end":{"line":122,"column":5}},"50":{"start":{"line":119,"column":3},"end":{"line":121,"column":4}},"51":{"start":{"line":120,"column":4},"end":{"line":120,"column":11}},"52":{"start":{"line":125,"column":1},"end":{"line":127,"column":4}},"53":{"start":{"line":126,"column":2},"end":{"line":126,"column":32}},"54":{"start":{"line":129,"column":1},"end":{"line":136,"column":4}},"55":{"start":{"line":130,"column":2},"end":{"line":130,"column":29}},"56":{"start":{"line":131,"column":2},"end":{"line":131,"column":28}},"57":{"start":{"line":132,"column":2},"end":{"line":135,"column":5}},"58":{"start":{"line":133,"column":3},"end":{"line":133,"column":27}},"59":{"start":{"line":134,"column":3},"end":{"line":134,"column":10}},"60":{"start":{"line":138,"column":1},"end":{"line":147,"column":4}},"61":{"start":{"line":139,"column":2},"end":{"line":139,"column":30}},"62":{"start":{"line":140,"column":2},"end":{"line":140,"column":28}},"63":{"start":{"line":141,"column":2},"end":{"line":146,"column":5}},"64":{"start":{"line":142,"column":3},"end":{"line":142,"column":31}},"65":{"start":{"line":143,"column":3},"end":{"line":143,"column":31}},"66":{"start":{"line":144,"column":3},"end":{"line":144,"column":37}},"67":{"start":{"line":145,"column":3},"end":{"line":145,"column":10}},"68":{"start":{"line":151,"column":0},"end":{"line":192,"column":3}},"69":{"start":{"line":153,"column":1},"end":{"line":164,"column":4}},"70":{"start":{"line":154,"column":2},"end":{"line":156,"column":5}},"71":{"start":{"line":157,"column":2},"end":{"line":157,"column":37}},"72":{"start":{"line":158,"column":2},"end":{"line":163,"column":5}},"73":{"start":{"line":161,"column":3},"end":{"line":161,"column":22}},"74":{"start":{"line":161,"column":12},"end":{"line":161,"column":22}},"75":{"start":{"line":162,"column":3},"end":{"line":162,"column":10}},"76":{"start":{"line":166,"column":1},"end":{"line":168,"column":4}},"77":{"start":{"line":167,"column":2},"end":{"line":167,"column":32}},"78":{"start":{"line":170,"column":1},"end":{"line":179,"column":4}},"79":{"start":{"line":171,"column":2},"end":{"line":171,"column":30}},"80":{"start":{"line":173,"column":2},"end":{"line":177,"column":5}},"81":{"start":{"line":174,"column":3},"end":{"line":174,"column":31}},"82":{"start":{"line":175,"column":3},"end":{"line":175,"column":44}},"83":{"start":{"line":176,"column":3},"end":{"line":176,"column":10}},"84":{"start":{"line":181,"column":1},"end":{"line":189,"column":4}},"85":{"start":{"line":182,"column":2},"end":{"line":182,"column":38}},"86":{"start":{"line":184,"column":2},"end":{"line":188,"column":5}},"87":{"start":{"line":186,"column":3},"end":{"line":186,"column":27}},"88":{"start":{"line":187,"column":3},"end":{"line":187,"column":10}}},"branchMap":{"1":{"line":119,"type":"if","locations":[{"start":{"line":119,"column":3},"end":{"line":119,"column":3}},{"start":{"line":119,"column":3},"end":{"line":119,"column":3}}]},"2":{"line":161,"type":"if","locations":[{"start":{"line":161,"column":3},"end":{"line":161,"column":3}},{"start":{"line":161,"column":3},"end":{"line":161,"column":3}}]}}},"/Users/Niket/Dropbox/University/Programming/bloomboard/routes/mongo_db_lib.js":{"path":"/Users/Niket/Dropbox/University/Programming/bloomboard/routes/mongo_db_lib.js","s":{"1":1,"2":1,"3":1,"4":1,"5":1,"6":2,"7":2,"8":2,"9":0,"10":2,"11":1,"12":0,"13":0,"14":0,"15":0,"16":0,"17":1,"18":6,"19":6,"20":6,"21":6,"22":6,"23":1,"24":1,"25":1,"26":5,"27":1,"28":4,"29":4,"30":4,"31":1,"32":2,"33":2,"34":2,"35":1,"36":1,"37":1,"38":1,"39":1,"40":1,"41":1,"42":1,"43":1},"b":{"1":[0,2],"2":[0,0],"3":[1,5],"4":[1,1]},"f":{"1":1,"2":2,"3":2,"4":0,"5":0,"6":6,"7":6,"8":6,"9":4,"10":4,"11":2,"12":2,"13":1},"fnMap":{"1":{"name":"(anonymous_1)","line":7,"loc":{"start":{"line":7,"column":13},"end":{"line":7,"column":32}}},"2":{"name":"(anonymous_2)","line":11,"loc":{"start":{"line":11,"column":16},"end":{"line":11,"column":57}}},"3":{"name":"(anonymous_3)","line":23,"loc":{"start":{"line":23,"column":1},"end":{"line":23,"column":20}}},"4":{"name":"(anonymous_4)","line":32,"loc":{"start":{"line":32,"column":15},"end":{"line":32,"column":45}}},"5":{"name":"(anonymous_5)","line":36,"loc":{"start":{"line":36,"column":4},"end":{"line":36,"column":23}}},"6":{"name":"(anonymous_6)","line":44,"loc":{"start":{"line":44,"column":14},"end":{"line":44,"column":56}}},"7":{"name":"(anonymous_7)","line":46,"loc":{"start":{"line":46,"column":35},"end":{"line":46,"column":55}}},"8":{"name":"(anonymous_8)","line":49,"loc":{"start":{"line":49,"column":32},"end":{"line":49,"column":52}}},"9":{"name":"(anonymous_9)","line":62,"loc":{"start":{"line":62,"column":15},"end":{"line":62,"column":41}}},"10":{"name":"(anonymous_10)","line":66,"loc":{"start":{"line":66,"column":4},"end":{"line":66,"column":24}}},"11":{"name":"(anonymous_11)","line":72,"loc":{"start":{"line":72,"column":23},"end":{"line":72,"column":59}}},"12":{"name":"(anonymous_12)","line":74,"loc":{"start":{"line":74,"column":17},"end":{"line":74,"column":37}}},"13":{"name":"(anonymous_13)","line":77,"loc":{"start":{"line":77,"column":39},"end":{"line":77,"column":61}}}},"statementMap":{"1":{"start":{"line":1,"column":0},"end":{"line":3,"column":35}},"2":{"start":{"line":5,"column":0},"end":{"line":5,"column":7}},"3":{"start":{"line":7,"column":0},"end":{"line":9,"column":2}},"4":{"start":{"line":8,"column":1},"end":{"line":8,"column":15}},"5":{"start":{"line":11,"column":0},"end":{"line":30,"column":2}},"6":{"start":{"line":12,"column":1},"end":{"line":12,"column":38}},"7":{"start":{"line":14,"column":1},"end":{"line":30,"column":0}},"8":{"start":{"line":24,"column":2},"end":{"line":26,"column":3}},"9":{"start":{"line":25,"column":3},"end":{"line":25,"column":22}},"10":{"start":{"line":28,"column":2},"end":{"line":28,"column":21}},"11":{"start":{"line":32,"column":0},"end":{"line":42,"column":2}},"12":{"start":{"line":33,"column":1},"end":{"line":33,"column":38}},"13":{"start":{"line":34,"column":1},"end":{"line":42,"column":0}},"14":{"start":{"line":37,"column":2},"end":{"line":39,"column":3}},"15":{"start":{"line":38,"column":3},"end":{"line":38,"column":22}},"16":{"start":{"line":40,"column":2},"end":{"line":40,"column":16}},"17":{"start":{"line":44,"column":0},"end":{"line":60,"column":2}},"18":{"start":{"line":45,"column":1},"end":{"line":45,"column":36}},"19":{"start":{"line":46,"column":1},"end":{"line":59,"column":4}},"20":{"start":{"line":48,"column":2},"end":{"line":48,"column":29}},"21":{"start":{"line":49,"column":2},"end":{"line":58,"column":5}},"22":{"start":{"line":50,"column":3},"end":{"line":57,"column":4}},"23":{"start":{"line":51,"column":4},"end":{"line":51,"column":30}},"24":{"start":{"line":53,"column":4},"end":{"line":53,"column":38}},"25":{"start":{"line":54,"column":4},"end":{"line":54,"column":20}},"26":{"start":{"line":56,"column":4},"end":{"line":56,"column":19}},"27":{"start":{"line":62,"column":0},"end":{"line":69,"column":2}},"28":{"start":{"line":63,"column":1},"end":{"line":63,"column":36}},"29":{"start":{"line":64,"column":1},"end":{"line":68,"column":4}},"30":{"start":{"line":67,"column":2},"end":{"line":67,"column":22}},"31":{"start":{"line":72,"column":0},"end":{"line":84,"column":2}},"32":{"start":{"line":74,"column":1},"end":{"line":83,"column":4}},"33":{"start":{"line":75,"column":2},"end":{"line":75,"column":45}},"34":{"start":{"line":76,"column":2},"end":{"line":82,"column":3}},"35":{"start":{"line":77,"column":3},"end":{"line":79,"column":6}},"36":{"start":{"line":78,"column":4},"end":{"line":78,"column":32}},"37":{"start":{"line":81,"column":3},"end":{"line":81,"column":29}},"38":{"start":{"line":86,"column":0},"end":{"line":86,"column":24}},"39":{"start":{"line":87,"column":0},"end":{"line":87,"column":30}},"40":{"start":{"line":88,"column":0},"end":{"line":88,"column":28}},"41":{"start":{"line":89,"column":0},"end":{"line":89,"column":26}},"42":{"start":{"line":90,"column":0},"end":{"line":90,"column":28}},"43":{"start":{"line":91,"column":0},"end":{"line":91,"column":44}}},"branchMap":{"1":{"line":24,"type":"if","locations":[{"start":{"line":24,"column":2},"end":{"line":24,"column":2}},{"start":{"line":24,"column":2},"end":{"line":24,"column":2}}]},"2":{"line":37,"type":"if","locations":[{"start":{"line":37,"column":2},"end":{"line":37,"column":2}},{"start":{"line":37,"column":2},"end":{"line":37,"column":2}}]},"3":{"line":50,"type":"if","locations":[{"start":{"line":50,"column":3},"end":{"line":50,"column":3}},{"start":{"line":50,"column":3},"end":{"line":50,"column":3}}]},"4":{"line":76,"type":"if","locations":[{"start":{"line":76,"column":2},"end":{"line":76,"column":2}},{"start":{"line":76,"column":2},"end":{"line":76,"column":2}}]}}},"/Users/Niket/Dropbox/University/Programming/bloomboard/test/server/sample-spec.js":{"path":"/Users/Niket/Dropbox/University/Programming/bloomboard/test/server/sample-spec.js","s":{"1":1,"2":1,"3":1,"4":1,"5":1,"6":1,"7":1,"8":1},"b":{},"f":{"1":1,"2":1,"3":1},"fnMap":{"1":{"name":"(anonymous_1)","line":3,"loc":{"start":{"line":3,"column":27},"end":{"line":3,"column":38}}},"2":{"name":"(anonymous_2)","line":4,"loc":{"start":{"line":4,"column":31},"end":{"line":4,"column":42}}},"3":{"name":"(anonymous_3)","line":9,"loc":{"start":{"line":9,"column":32},"end":{"line":9,"column":43}}}},"statementMap":{"1":{"start":{"line":1,"column":0},"end":{"line":1,"column":37}},"2":{"start":{"line":3,"column":0},"end":{"line":13,"column":3}},"3":{"start":{"line":4,"column":1},"end":{"line":7,"column":4}},"4":{"start":{"line":5,"column":2},"end":{"line":5,"column":37}},"5":{"start":{"line":6,"column":2},"end":{"line":6,"column":27}},"6":{"start":{"line":9,"column":1},"end":{"line":12,"column":4}},"7":{"start":{"line":10,"column":2},"end":{"line":10,"column":38}},"8":{"start":{"line":11,"column":2},"end":{"line":11,"column":28}}},"branchMap":{}},"/Users/Niket/Dropbox/University/Programming/bloomboard/sample.js":{"path":"/Users/Niket/Dropbox/University/Programming/bloomboard/sample.js","s":{"1":1,"2":2},"b":{},"f":{"1":2},"fnMap":{"1":{"name":"(anonymous_1)","line":1,"loc":{"start":{"line":1,"column":19},"end":{"line":1,"column":40}}}},"statementMap":{"1":{"start":{"line":1,"column":0},"end":{"line":3,"column":2}},"2":{"start":{"line":2,"column":1},"end":{"line":2,"column":20}}},"branchMap":{}}}