TN:
SF:/Users/Niket/Dropbox/University/Programming/bloomboard/test/server/mongo_db_lib-spec.js
FN:9,(anonymous_1)
FN:10,(anonymous_2)
FN:11,(anonymous_3)
FN:17,(anonymous_4)
FN:21,(anonymous_5)
FN:26,(anonymous_6)
FN:32,(anonymous_7)
FN:37,(anonymous_8)
FN:44,(anonymous_9)
FN:45,(anonymous_10)
FN:52,(anonymous_11)
FN:56,(anonymous_12)
FN:59,(anonymous_13)
FN:64,(anonymous_14)
FN:68,(anonymous_15)
FN:76,(anonymous_16)
FN:80,(anonymous_17)
FN:89,(anonymous_18)
FN:97,(anonymous_19)
FN:109,(anonymous_20)
FN:111,(anonymous_21)
FN:112,(anonymous_22)
FN:118,(anonymous_23)
FN:125,(anonymous_24)
FN:129,(anonymous_25)
FN:132,(anonymous_26)
FN:138,(anonymous_27)
FN:141,(anonymous_28)
FN:151,(anonymous_29)
FN:153,(anonymous_30)
FN:154,(anonymous_31)
FN:160,(anonymous_32)
FN:166,(anonymous_33)
FN:170,(anonymous_34)
FN:173,(anonymous_35)
FN:181,(anonymous_36)
FN:185,(anonymous_37)
FNDA:1,(anonymous_1)
FNDA:2,(anonymous_2)
FNDA:2,(anonymous_3)
FNDA:2,(anonymous_4)
FNDA:1,(anonymous_5)
FNDA:1,(anonymous_6)
FNDA:1,(anonymous_7)
FNDA:1,(anonymous_8)
FNDA:1,(anonymous_9)
FNDA:2,(anonymous_10)
FNDA:2,(anonymous_11)
FNDA:2,(anonymous_12)
FNDA:2,(anonymous_13)
FNDA:2,(anonymous_14)
FNDA:1,(anonymous_15)
FNDA:1,(anonymous_16)
FNDA:1,(anonymous_17)
FNDA:1,(anonymous_18)
FNDA:1,(anonymous_19)
FNDA:1,(anonymous_20)
FNDA:2,(anonymous_21)
FNDA:2,(anonymous_22)
FNDA:2,(anonymous_23)
FNDA:2,(anonymous_24)
FNDA:1,(anonymous_25)
FNDA:1,(anonymous_26)
FNDA:1,(anonymous_27)
FNDA:1,(anonymous_28)
FNDA:1,(anonymous_29)
FNDA:2,(anonymous_30)
FNDA:2,(anonymous_31)
FNDA:2,(anonymous_32)
FNDA:2,(anonymous_33)
FNDA:1,(anonymous_34)
FNDA:1,(anonymous_35)
FNDA:1,(anonymous_36)
FNDA:1,(anonymous_37)
DA:1,1
DA:4,1
DA:7,1
DA:9,1
DA:10,1
DA:11,2
DA:14,2
DA:17,1
DA:18,2
DA:21,1
DA:22,1
DA:26,1
DA:27,1
DA:28,1
DA:32,1
DA:33,1
DA:37,1
DA:38,1
DA:39,1
DA:44,1
DA:45,1
DA:46,2
DA:52,2
DA:56,2
DA:59,2
DA:60,2
DA:64,1
DA:65,2
DA:68,1
DA:69,1
DA:74,1
DA:76,1
DA:77,1
DA:78,1
DA:81,1
DA:82,1
DA:83,1
DA:84,1
DA:89,1
DA:90,1
DA:95,1
DA:97,1
DA:98,1
DA:99,1
DA:109,1
DA:111,1
DA:112,2
DA:115,2
DA:116,2
DA:119,2
DA:120,2
DA:125,1
DA:126,2
DA:129,1
DA:130,1
DA:131,1
DA:132,1
DA:133,1
DA:134,1
DA:138,1
DA:139,1
DA:140,1
DA:141,1
DA:142,1
DA:143,1
DA:144,1
DA:145,1
DA:151,1
DA:153,1
DA:154,2
DA:157,2
DA:158,2
DA:161,2
DA:162,2
DA:166,1
DA:167,2
DA:170,1
DA:171,1
DA:173,1
DA:174,1
DA:175,1
DA:176,1
DA:181,1
DA:182,1
DA:184,1
DA:186,1
DA:187,1
BRDA:119,1,0,2
BRDA:119,1,1,0
BRDA:161,2,0,0
BRDA:161,2,1,2
end_of_record
TN:
SF:/Users/Niket/Dropbox/University/Programming/bloomboard/routes/mongo_db_lib.js
FN:7,(anonymous_1)
FN:11,(anonymous_2)
FN:23,(anonymous_3)
FN:32,(anonymous_4)
FN:36,(anonymous_5)
FN:44,(anonymous_6)
FN:46,(anonymous_7)
FN:49,(anonymous_8)
FN:62,(anonymous_9)
FN:66,(anonymous_10)
FN:72,(anonymous_11)
FN:74,(anonymous_12)
FN:77,(anonymous_13)
FNDA:1,(anonymous_1)
FNDA:2,(anonymous_2)
FNDA:2,(anonymous_3)
FNDA:0,(anonymous_4)
FNDA:0,(anonymous_5)
FNDA:6,(anonymous_6)
FNDA:6,(anonymous_7)
FNDA:6,(anonymous_8)
FNDA:4,(anonymous_9)
FNDA:4,(anonymous_10)
FNDA:2,(anonymous_11)
FNDA:2,(anonymous_12)
FNDA:1,(anonymous_13)
DA:1,1
DA:5,1
DA:7,1
DA:8,1
DA:11,1
DA:12,2
DA:14,2
DA:24,2
DA:25,0
DA:28,2
DA:32,1
DA:33,0
DA:34,0
DA:37,0
DA:38,0
DA:40,0
DA:44,1
DA:45,6
DA:46,6
DA:48,6
DA:49,6
DA:50,6
DA:51,1
DA:53,1
DA:54,1
DA:56,5
DA:62,1
DA:63,4
DA:64,4
DA:67,4
DA:72,1
DA:74,2
DA:75,2
DA:76,2
DA:77,1
DA:78,1
DA:81,1
DA:86,1
DA:87,1
DA:88,1
DA:89,1
DA:90,1
DA:91,1
BRDA:24,1,0,0
BRDA:24,1,1,2
BRDA:37,2,0,0
BRDA:37,2,1,0
BRDA:50,3,0,1
BRDA:50,3,1,5
BRDA:76,4,0,1
BRDA:76,4,1,1
end_of_record
TN:
SF:/Users/Niket/Dropbox/University/Programming/bloomboard/test/server/sample-spec.js
FN:3,(anonymous_1)
FN:4,(anonymous_2)
FN:9,(anonymous_3)
FNDA:1,(anonymous_1)
FNDA:1,(anonymous_2)
FNDA:1,(anonymous_3)
DA:1,1
DA:3,1
DA:4,1
DA:5,1
DA:6,1
DA:9,1
DA:10,1
DA:11,1
end_of_record
TN:
SF:/Users/Niket/Dropbox/University/Programming/bloomboard/sample.js
FN:1,(anonymous_1)
FNDA:2,(anonymous_1)
DA:1,1
DA:2,2
end_of_record
